{"C:\\git\\kolokwium\\app\\app.js":{"path":"C:\\git\\kolokwium\\app\\app.js","s":{"1":1,"2":9,"3":9,"4":9,"5":31,"6":27,"7":7,"8":7,"9":7,"10":4,"11":5,"12":3,"13":3,"14":2,"15":1,"16":27,"17":27,"18":5632,"19":137,"20":27,"21":1},"b":{"1":[27,4],"2":[31,29],"3":[7,20],"4":[3,2],"5":[137,5495]},"f":{"1":9,"2":27},"fnMap":{"1":{"name":"getMessage","line":2,"loc":{"start":{"line":2,"column":0},"end":{"line":2,"column":29}}},"2":{"name":"isPerfectNumber","line":31,"loc":{"start":{"line":31,"column":0},"end":{"line":31,"column":32}}}},"statementMap":{"1":{"start":{"line":2,"column":0},"end":{"line":29,"column":1}},"2":{"start":{"line":4,"column":4},"end":{"line":4,"column":31}},"3":{"start":{"line":5,"column":4},"end":{"line":5,"column":36}},"4":{"start":{"line":8,"column":4},"end":{"line":18,"column":5}},"5":{"start":{"line":9,"column":8},"end":{"line":17,"column":9}},"6":{"start":{"line":10,"column":12},"end":{"line":14,"column":13}},"7":{"start":{"line":11,"column":16},"end":{"line":11,"column":43}},"8":{"start":{"line":12,"column":16},"end":{"line":12,"column":27}},"9":{"start":{"line":13,"column":16},"end":{"line":13,"column":40}},"10":{"start":{"line":16,"column":12},"end":{"line":16,"column":66}},"11":{"start":{"line":20,"column":4},"end":{"line":28,"column":5}},"12":{"start":{"line":21,"column":8},"end":{"line":21,"column":51}},"13":{"start":{"line":23,"column":8},"end":{"line":24,"column":108}},"14":{"start":{"line":26,"column":8},"end":{"line":27,"column":66}},"15":{"start":{"line":31,"column":0},"end":{"line":40,"column":1}},"16":{"start":{"line":32,"column":4},"end":{"line":32,"column":16}},"17":{"start":{"line":34,"column":4},"end":{"line":38,"column":5}},"18":{"start":{"line":35,"column":8},"end":{"line":37,"column":9}},"19":{"start":{"line":36,"column":12},"end":{"line":36,"column":21}},"20":{"start":{"line":39,"column":4},"end":{"line":39,"column":27}},"21":{"start":{"line":42,"column":0},"end":{"line":45,"column":2}}},"branchMap":{"1":{"line":9,"type":"if","locations":[{"start":{"line":9,"column":8},"end":{"line":9,"column":8}},{"start":{"line":9,"column":8},"end":{"line":9,"column":8}}]},"2":{"line":9,"type":"binary-expr","locations":[{"start":{"line":9,"column":12},"end":{"line":9,"column":41}},{"start":{"line":9,"column":47},"end":{"line":9,"column":61}}]},"3":{"line":10,"type":"if","locations":[{"start":{"line":10,"column":12},"end":{"line":10,"column":12}},{"start":{"line":10,"column":12},"end":{"line":10,"column":12}}]},"4":{"line":20,"type":"if","locations":[{"start":{"line":20,"column":4},"end":{"line":20,"column":4}},{"start":{"line":20,"column":4},"end":{"line":20,"column":4}}]},"5":{"line":35,"type":"if","locations":[{"start":{"line":35,"column":8},"end":{"line":35,"column":8}},{"start":{"line":35,"column":8},"end":{"line":35,"column":8}}]}}}}